Performing C SOURCE FILE Test CMAKE_HAVE_LIBC_PTHREAD failed with the following output:
Change Dir: /data/data/com.termux/files/home/C++/TestSock/build/CMakeFiles/CMakeTmp

Run Build Command(s):/data/data/com.termux/files/usr/bin/make -f Makefile cmTC_6a588/fast && /data/data/com.termux/files/usr/bin/make  -f CMakeFiles/cmTC_6a588.dir/build.make CMakeFiles/cmTC_6a588.dir/build
make[1]: Entering directory '/data/data/com.termux/files/home/C++/TestSock/build/CMakeFiles/CMakeTmp'
Building C object CMakeFiles/cmTC_6a588.dir/src.c.o
/data/data/com.termux/files/usr/bin/cc -DCMAKE_HAVE_LIBC_PTHREAD  -O2 -g -DNDEBUG -MD -MT CMakeFiles/cmTC_6a588.dir/src.c.o -MF CMakeFiles/cmTC_6a588.dir/src.c.o.d -o CMakeFiles/cmTC_6a588.dir/src.c.o -c /data/data/com.termux/files/home/C++/TestSock/build/CMakeFiles/CMakeTmp/src.c
/data/data/com.termux/files/home/C++/TestSock/build/CMakeFiles/CMakeTmp/src.c:13:3: warning: implicit declaration of function 'pthread_cancel' is invalid in C99 [-Wimplicit-function-declaration]
  pthread_cancel(thread);
  ^
1 warning generated.
Linking C executable cmTC_6a588
/data/data/com.termux/files/usr/bin/cmake -E cmake_link_script CMakeFiles/cmTC_6a588.dir/link.txt --verbose=1
/data/data/com.termux/files/usr/bin/cc -O2 -g -DNDEBUG CMakeFiles/cmTC_6a588.dir/src.c.o -o cmTC_6a588 
ld.lld: error: undefined symbol: pthread_cancel
>>> referenced by src.c:13
>>>               CMakeFiles/cmTC_6a588.dir/src.c.o:(main)
clang-14: error: linker command failed with exit code 1 (use -v to see invocation)
make[1]: *** [CMakeFiles/cmTC_6a588.dir/build.make:100: cmTC_6a588] Error 1
make[1]: Leaving directory '/data/data/com.termux/files/home/C++/TestSock/build/CMakeFiles/CMakeTmp'
make: *** [Makefile:127: cmTC_6a588/fast] Error 2


Source file was:
#include <pthread.h>

static void* test_func(void* data)
{
  return data;
}

int main(void)
{
  pthread_t thread;
  pthread_create(&thread, NULL, test_func, NULL);
  pthread_detach(thread);
  pthread_cancel(thread);
  pthread_join(thread, NULL);
  pthread_atfork(NULL, NULL, NULL);
  pthread_exit(NULL);

  return 0;
}

Determining if the function pthread_create exists in the pthreads failed with the following output:
Change Dir: /data/data/com.termux/files/home/C++/TestSock/build/CMakeFiles/CMakeTmp

Run Build Command(s):/data/data/com.termux/files/usr/bin/make -f Makefile cmTC_5a0e7/fast && /data/data/com.termux/files/usr/bin/make  -f CMakeFiles/cmTC_5a0e7.dir/build.make CMakeFiles/cmTC_5a0e7.dir/build
make[1]: Entering directory '/data/data/com.termux/files/home/C++/TestSock/build/CMakeFiles/CMakeTmp'
Building C object CMakeFiles/cmTC_5a0e7.dir/CheckFunctionExists.c.o
/data/data/com.termux/files/usr/bin/cc   -DCHECK_FUNCTION_EXISTS=pthread_create -O2 -g -DNDEBUG -MD -MT CMakeFiles/cmTC_5a0e7.dir/CheckFunctionExists.c.o -MF CMakeFiles/cmTC_5a0e7.dir/CheckFunctionExists.c.o.d -o CMakeFiles/cmTC_5a0e7.dir/CheckFunctionExists.c.o -c /data/data/com.termux/files/usr/share/cmake-3.23/Modules/CheckFunctionExists.c
Linking C executable cmTC_5a0e7
/data/data/com.termux/files/usr/bin/cmake -E cmake_link_script CMakeFiles/cmTC_5a0e7.dir/link.txt --verbose=1
/data/data/com.termux/files/usr/bin/cc  -DCHECK_FUNCTION_EXISTS=pthread_create -O2 -g -DNDEBUG CMakeFiles/cmTC_5a0e7.dir/CheckFunctionExists.c.o -o cmTC_5a0e7  -lpthreads 
ld.lld: error: unable to find library -lpthreads
clang-14: error: linker command failed with exit code 1 (use -v to see invocation)
make[1]: *** [CMakeFiles/cmTC_5a0e7.dir/build.make:100: cmTC_5a0e7] Error 1
make[1]: Leaving directory '/data/data/com.termux/files/home/C++/TestSock/build/CMakeFiles/CMakeTmp'
make: *** [Makefile:127: cmTC_5a0e7/fast] Error 2



